<?xml version="1.0" encoding="UTF-8"?>
<testsuite name="my.lib.MainTest" tests="7" skipped="0" failures="0" errors="0" timestamp="2017-12-12T17:56:01" hostname="Gregs-MacBook-Pro.local" time="0.015">
  <properties/>
  <testcase name="testFoo" classname="my.lib.MainTest" time="0.005"/>
  <testcase name="testSumEmpty" classname="my.lib.MainTest" time="0.001"/>
  <testcase name="testSumFunMany" classname="my.lib.MainTest" time="0.0"/>
  <testcase name="testSumFunEmpty" classname="my.lib.MainTest" time="0.002"/>
  <testcase name="testSumFunSingle" classname="my.lib.MainTest" time="0.0"/>
  <testcase name="testSumSingle" classname="my.lib.MainTest" time="0.001"/>
  <testcase name="testSumMany" classname="my.lib.MainTest" time="0.001"/>
  <system-out><![CDATA[]]></system-out>
  <system-err><![CDATA[]]></system-err>
</testsuite>
